<?xml version="1.0" encoding="UTF-8"?>
<!-- Generated by org.testng.reporters.JUnitReportReporter -->
<testsuite skipped="0" hostname="DESKTOP-HKBDLIP" name="com.hrms.testcases.LoginUsingPropertiesFile" tests="1" failures="0" timestamp="2020-01-21T12:09:58 CST" time="14.938" errors="0">
  <testcase name="reading" time="14.938" classname="com.hrms.testcases.LoginUsingPropertiesFile"/>
</testsuite> <!-- com.hrms.testcases.LoginUsingPropertiesFile -->
