<?xml version="1.0" encoding="UTF-8"?>
<!-- Generated by org.testng.reporters.JUnitReportReporter -->
<testsuite skipped="0" hostname="DESKTOP-HKBDLIP" name="com.Practice.XLReading" tests="1" failures="0" timestamp="2020-01-24T17:24:56 CST" time="0.655" errors="0">
  <testcase name="read" time="0.655" classname="com.Practice.XLReading"/>
</testsuite> <!-- com.Practice.XLReading -->
