<?xml version="1.0" encoding="UTF-8"?>
<!-- Generated by org.testng.reporters.JUnitReportReporter -->
<testsuite skipped="0" hostname="DESKTOP-HKBDLIP" name="com.testcases.LoginPageTest" tests="2" failures="0" timestamp="2020-01-19T10:37:10 CST" time="16.342" errors="0">
  <testcase name="login" time="9.829" classname="com.testcases.LoginPageTest"/>
  <testcase name="negativeLogin" time="6.513" classname="com.testcases.LoginPageTest"/>
</testsuite> <!-- com.testcases.LoginPageTest -->
