<?xml version="1.0" encoding="UTF-8"?>
<!-- Generated by org.testng.reporters.JUnitReportReporter -->
<testsuite skipped="0" hostname="DESKTOP-HKBDLIP" name="com.Practice.AddingDataIntoExcel" tests="1" failures="0" timestamp="2020-01-25T12:56:04 CST" time="1.387" errors="0">
  <testcase name="addDataIntoExl" time="1.387" classname="com.Practice.AddingDataIntoExcel"/>
</testsuite> <!-- com.Practice.AddingDataIntoExcel -->
