<?xml version="1.0" encoding="UTF-8"?>
<!-- Generated by org.testng.reporters.JUnitReportReporter -->
<testsuite skipped="0" hostname="DESKTOP-HKBDLIP" name="com.hrms.testcases.LoginPageTest" tests="1" failures="0" timestamp="2020-01-25T12:50:37 CST" time="8.589" errors="0">
  <testcase name="negativeLogin" time="8.589" classname="com.hrms.testcases.LoginPageTest"/>
</testsuite> <!-- com.hrms.testcases.LoginPageTest -->
