<?xml version="1.0" encoding="UTF-8"?>
<!-- Generated by org.testng.reporters.JUnitReportReporter -->
<testsuite skipped="0" hostname="DESKTOP-HKBDLIP" name="com.hrms.testcases.LeaveListPageTest" tests="1" failures="0" timestamp="2020-01-25T12:50:37 CST" time="10.393" errors="0">
  <testcase name="leaveLabelvalid" time="10.393" classname="com.hrms.testcases.LeaveListPageTest"/>
</testsuite> <!-- com.hrms.testcases.LeaveListPageTest -->
