<?xml version="1.0" encoding="UTF-8"?>
<!-- Generated by org.testng.reporters.JUnitReportReporter -->
<testsuite skipped="0" hostname="DESKTOP-HKBDLIP" name="com.hrms.testcases.DashBoardTest" tests="1" failures="0" timestamp="2020-01-21T17:47:16 CST" time="15.457" errors="0">
  <testcase name="dBoardActions" time="15.457" classname="com.hrms.testcases.DashBoardTest"/>
</testsuite> <!-- com.hrms.testcases.DashBoardTest -->
