<?xml version="1.0" encoding="UTF-8"?>
<!-- Generated by org.testng.reporters.JUnitReportReporter -->
<testsuite skipped="0" hostname="DESKTOP-HKBDLIP" name="com.Practice.ReadFromTestCaseMaybeXLSX" tests="1" failures="0" timestamp="2020-01-24T17:59:41 CST" time="0.015" errors="0">
  <testcase name="readingXLSX" time="0.015" classname="com.Practice.ReadFromTestCaseMaybeXLSX"/>
</testsuite> <!-- com.Practice.ReadFromTestCaseMaybeXLSX -->
