<?xml version="1.0" encoding="UTF-8"?>
<!-- Generated by org.testng.reporters.JUnitReportReporter -->
<testsuite skipped="0" hostname="DESKTOP-HKBDLIP" name="com.Practice.StoringInto2DArray" tests="1" failures="0" timestamp="2020-01-24T18:49:02 CST" time="0.673" errors="0">
  <testcase name="readExcel" time="0.673" classname="com.Practice.StoringInto2DArray"/>
</testsuite> <!-- com.Practice.StoringInto2DArray -->
