<?xml version="1.0" encoding="UTF-8"?>
<!-- Generated by org.testng.reporters.JUnitReportReporter -->
<testsuite skipped="0" hostname="DESKTOP-HKBDLIP" name="com.hrms.testcases.AddEmpVerification" tests="1" failures="0" timestamp="2020-01-25T12:50:37 CST" time="15.809" errors="0">
  <testcase name="login" time="15.809" classname="com.hrms.testcases.AddEmpVerification"/>
</testsuite> <!-- com.hrms.testcases.AddEmpVerification -->
